This file contains any messages produced by compilers while
running configure, to aid debugging if configure makes a mistake.

It was created by lvgpp configure 0.1, which was
generated by GNU Autoconf 2.69.  Invocation command line was

  $ ./configure 

## --------- ##
## Platform. ##
## --------- ##

hostname = bs-mbpr134.d.ethz.ch
uname -m = x86_64
uname -r = 15.6.0
uname -s = Darwin
uname -v = Darwin Kernel Version 15.6.0: Thu Jun 23 18:25:34 PDT 2016; root:xnu-3248.60.10~1/RELEASE_X86_64

/usr/bin/uname -p = i386
/bin/uname -X     = unknown

/bin/arch              = unknown
/usr/bin/arch -k       = unknown
/usr/convex/getsysinfo = unknown
/usr/bin/hostinfo      = Mach kernel version:
	 Darwin Kernel Version 15.6.0: Thu Jun 23 18:25:34 PDT 2016; root:xnu-3248.60.10~1/RELEASE_X86_64
Kernel configured for up to 4 processors.
2 processors are physically available.
4 processors are logically available.
Processor type: x86_64h (Intel x86-64h Haswell)
Processors active: 0 1 2 3
Primary memory available: 16.00 gigabytes
Default processor set: 270 tasks, 1184 threads, 4 processors
Load average: 2.08, Mach factor: 1.90
/bin/machine           = unknown
/usr/bin/oslevel       = unknown
/bin/universe          = unknown

PATH: /usr/bin
PATH: /bin
PATH: /usr/sbin
PATH: /sbin
PATH: /usr/local/bin
PATH: /opt/X11/bin
PATH: /usr/local/git/bin
PATH: /Library/TeX/texbin
PATH: /opt/local/bin


## ----------- ##
## Core tests. ##
## ----------- ##

configure:1731: building from R
configure:1793: checking for gfortran
configure:1809: found /usr/local/bin/gfortran
configure:1820: result: gfortran
configure:1846: checking for Fortran compiler version
configure:1855: gfortran --version >&5
GNU Fortran (GCC) 5.2.0
Copyright (C) 2015 Free Software Foundation, Inc.

GNU Fortran comes with NO WARRANTY, to the extent permitted by law.
You may redistribute copies of GNU Fortran
under the terms of the GNU General Public License.
For more information about these matters, see the file named COPYING

configure:1866: $? = 0
configure:1855: gfortran -v >&5
Using built-in specs.
COLLECT_GCC=gfortran
COLLECT_LTO_WRAPPER=/usr/local/gfortran/libexec/gcc/x86_64-apple-darwin14/5.2.0/lto-wrapper
Target: x86_64-apple-darwin14
Configured with: ../gcc-5.2.0/configure --prefix=/usr/local/gfortran --with-gmp=/Users/fx/devel/gcc/deps-static/x86_64 --enable-languages=c,c++,fortran,objc,obj-c++ --build=x86_64-apple-darwin14
Thread model: posix
gcc version 5.2.0 (GCC) 
configure:1866: $? = 0
configure:1855: gfortran -V >&5
gfortran: error: unrecognized command line option '-V'
gfortran: fatal error: no input files
compilation terminated.
configure:1866: $? = 1
configure:1855: gfortran -qversion >&5
gfortran: error: unrecognized command line option '-qversion'
gfortran: fatal error: no input files
compilation terminated.
configure:1866: $? = 1
configure:1881: checking whether the Fortran compiler works
configure:1903: gfortran -g -O0   conftest.f  >&5
configure:1907: $? = 0
configure:1955: result: yes
configure:1958: checking for Fortran compiler default output file name
configure:1960: result: a.out
configure:1966: checking for suffix of executables
configure:1973: gfortran -o conftest -g -O0   conftest.f  >&5
configure:1977: $? = 0
configure:1999: result: 
configure:2015: checking whether we are cross compiling
configure:2023: gfortran -o conftest -g -O0   conftest.f  >&5
configure:2027: $? = 0
configure:2034: ./conftest
configure:2038: $? = 0
configure:2053: result: no
configure:2058: checking for suffix of object files
configure:2074: gfortran -c -g -O0  conftest.f >&5
configure:2078: $? = 0
configure:2099: result: o
configure:2107: checking whether we are using the GNU Fortran compiler
configure:2120: gfortran -c -g -O0  conftest.F >&5
configure:2120: $? = 0
configure:2129: result: yes
configure:2135: checking whether gfortran accepts -g
configure:2146: gfortran -c -g  conftest.f >&5
configure:2146: $? = 0
configure:2154: result: yes
configure:2339: creating ./config.status

## ---------------------- ##
## Running config.status. ##
## ---------------------- ##

This file was extended by lvgpp config.status 0.1, which was
generated by GNU Autoconf 2.69.  Invocation command line was

  CONFIG_FILES    = 
  CONFIG_HEADERS  = 
  CONFIG_LINKS    = 
  CONFIG_COMMANDS = 
  $ ./config.status 

on bs-mbpr134.d.ethz.ch

config.status:720: creating src/Makevars
configure:3350: result:
	Have fun with: lvgpp

	FC:        gfortran


## ---------------- ##
## Cache variables. ##
## ---------------- ##

ac_cv_env_FCFLAGS_set=set
ac_cv_env_FCFLAGS_value='-g -O0'
ac_cv_env_FC_set=
ac_cv_env_FC_value=
ac_cv_env_LDFLAGS_set=
ac_cv_env_LDFLAGS_value=
ac_cv_env_LIBS_set=
ac_cv_env_LIBS_value=
ac_cv_env_build_alias_set=
ac_cv_env_build_alias_value=
ac_cv_env_host_alias_set=
ac_cv_env_host_alias_value=
ac_cv_env_target_alias_set=
ac_cv_env_target_alias_value=
ac_cv_fc_compiler_gnu=yes
ac_cv_objext=o
ac_cv_prog_ac_ct_FC=gfortran
ac_cv_prog_fc_g=yes

## ----------------- ##
## Output variables. ##
## ----------------- ##

DEFS='-DPACKAGE_NAME=\"lvgpp\" -DPACKAGE_TARNAME=\"lvgpp\" -DPACKAGE_VERSION=\"0.1\" -DPACKAGE_STRING=\"lvgpp\ 0.1\" -DPACKAGE_BUGREPORT=\"lvgpp@simon-dirmeier.net\" -DPACKAGE_URL=\"https://github.com/rafstraumur/lvgpp\"'
ECHO_C='\c'
ECHO_N=''
ECHO_T=''
EXEEXT=''
FC='gfortran'
FCFLAGS='-g -O0'
LDFLAGS=''
LIBOBJS=''
LIBS=''
LTLIBOBJS=''
OBJEXT='o'
PACKAGE_BUGREPORT='lvgpp@simon-dirmeier.net'
PACKAGE_NAME='lvgpp'
PACKAGE_STRING='lvgpp 0.1'
PACKAGE_TARNAME='lvgpp'
PACKAGE_URL='https://github.com/rafstraumur/lvgpp'
PACKAGE_VERSION='0.1'
PATH_SEPARATOR=':'
SHELL='/bin/sh'
ac_ct_FC='gfortran'
bindir='${exec_prefix}/bin'
build_alias=''
datadir='${datarootdir}'
datarootdir='${prefix}/share'
docdir='${datarootdir}/doc/${PACKAGE_TARNAME}'
dvidir='${docdir}'
exec_prefix='${prefix}'
host_alias=''
htmldir='${docdir}'
includedir='${prefix}/include'
infodir='${datarootdir}/info'
libdir='${exec_prefix}/lib'
libexecdir='${exec_prefix}/libexec'
localedir='${datarootdir}/locale'
localstatedir='${prefix}/var'
lvgpp_FLAGS='-std=f2008'
mandir='${datarootdir}/man'
oldincludedir='/usr/include'
pdfdir='${docdir}'
prefix='/usr/local'
program_transform_name='s,x,x,'
psdir='${docdir}'
sbindir='${exec_prefix}/sbin'
sharedstatedir='${prefix}/com'
sysconfdir='${prefix}/etc'
target_alias=''

## ----------- ##
## confdefs.h. ##
## ----------- ##

/* confdefs.h */
#define PACKAGE_NAME "lvgpp"
#define PACKAGE_TARNAME "lvgpp"
#define PACKAGE_VERSION "0.1"
#define PACKAGE_STRING "lvgpp 0.1"
#define PACKAGE_BUGREPORT "lvgpp@simon-dirmeier.net"
#define PACKAGE_URL "https://github.com/rafstraumur/lvgpp"

configure: exit 0
